INFO 2023-11-09 03:02:15,154 get_github_data: Подключение к GitHub успешно, кэш создан
INFO 2023-11-09 03:02:15,162 get_github_data: В БД обновлен репозиторий: Название: Calculator
INFO 2023-11-09 03:02:15,163 get_github_data: В БД обновлен репозиторий: Название: CRC8_ASSM_STM32
INFO 2023-11-09 03:02:15,166 get_github_data: В БД обновлен репозиторий: Название: diplom
INFO 2023-11-09 03:02:15,168 get_github_data: В БД обновлен репозиторий: Название: Graph
INFO 2023-11-09 03:02:15,169 get_github_data: В БД обновлен репозиторий: Название: GraphModified
INFO 2023-11-09 03:02:15,171 get_github_data: В БД обновлен репозиторий: Название: Keyboard_STM32
INFO 2023-11-09 03:02:15,173 get_github_data: В БД обновлен репозиторий: Название: Library
INFO 2023-11-09 03:02:15,191 get_github_data: В БД обновлен репозиторий: Название: List
INFO 2023-11-09 03:02:15,192 get_github_data: В БД обновлен репозиторий: Название: parser
INFO 2023-11-09 03:02:15,194 get_github_data: В БД обновлен репозиторий: Название: Portfolio
INFO 2023-11-09 03:02:15,196 get_github_data: В БД обновлен репозиторий: Название: SimpleSite
INFO 2023-11-09 03:02:15,198 get_github_data: В БД обновлен репозиторий: Название: Timer_ASSM_STM32
INFO 2023-11-09 03:02:15,199 get_github_data: В БД обновлен репозиторий: Название: Timer_STM32
INFO 2023-11-09 03:02:15,201 get_github_data: В БД обновлен репозиторий: Название: UART_to_Morse
INFO 2023-11-10 23:00:32,578 get_github_data: Подключение к GitHub успешно, кэш создан
INFO 2023-11-10 23:00:32,586 get_github_data: В БД обновлен репозиторий: Название: Calculator
INFO 2023-11-10 23:00:32,587 get_github_data: В БД обновлен репозиторий: Название: CRC8_ASSM_STM32
INFO 2023-11-10 23:00:32,589 get_github_data: В БД обновлен репозиторий: Название: diplom
INFO 2023-11-10 23:00:32,590 get_github_data: В БД обновлен репозиторий: Название: Graph
INFO 2023-11-10 23:00:32,591 get_github_data: В БД обновлен репозиторий: Название: GraphModified
INFO 2023-11-10 23:00:32,592 get_github_data: В БД обновлен репозиторий: Название: Keyboard_STM32
INFO 2023-11-10 23:00:32,593 get_github_data: В БД обновлен репозиторий: Название: Library
INFO 2023-11-10 23:00:32,594 get_github_data: В БД обновлен репозиторий: Название: List
INFO 2023-11-10 23:00:32,596 get_github_data: В БД обновлен репозиторий: Название: parser
INFO 2023-11-10 23:00:32,597 get_github_data: В БД обновлен репозиторий: Название: Portfolio
INFO 2023-11-10 23:00:32,598 get_github_data: В БД обновлен репозиторий: Название: SimpleSite
INFO 2023-11-10 23:00:32,599 get_github_data: В БД обновлен репозиторий: Название: Timer_ASSM_STM32
INFO 2023-11-10 23:00:32,600 get_github_data: В БД обновлен репозиторий: Название: Timer_STM32
INFO 2023-11-10 23:00:32,602 get_github_data: В БД обновлен репозиторий: Название: UART_to_Morse
INFO 2023-11-10 23:00:41,812 get_github_data: Подключение к GitHub успешно, кэш создан
INFO 2023-11-10 23:00:41,816 get_github_data: В БД обновлен репозиторий: Название: Calculator
INFO 2023-11-10 23:00:41,817 get_github_data: В БД обновлен репозиторий: Название: CRC8_ASSM_STM32
INFO 2023-11-10 23:00:41,819 get_github_data: В БД обновлен репозиторий: Название: diplom
INFO 2023-11-10 23:00:41,820 get_github_data: В БД обновлен репозиторий: Название: Graph
INFO 2023-11-10 23:00:41,821 get_github_data: В БД обновлен репозиторий: Название: GraphModified
INFO 2023-11-10 23:00:41,822 get_github_data: В БД обновлен репозиторий: Название: Keyboard_STM32
INFO 2023-11-10 23:00:41,824 get_github_data: В БД обновлен репозиторий: Название: Library
INFO 2023-11-10 23:00:41,825 get_github_data: В БД обновлен репозиторий: Название: List
INFO 2023-11-10 23:00:41,826 get_github_data: В БД обновлен репозиторий: Название: parser
INFO 2023-11-10 23:00:41,827 get_github_data: В БД обновлен репозиторий: Название: Portfolio
INFO 2023-11-10 23:00:41,828 get_github_data: В БД обновлен репозиторий: Название: SimpleSite
INFO 2023-11-10 23:00:41,829 get_github_data: В БД обновлен репозиторий: Название: Timer_ASSM_STM32
INFO 2023-11-10 23:00:41,830 get_github_data: В БД обновлен репозиторий: Название: Timer_STM32
INFO 2023-11-10 23:00:41,832 get_github_data: В БД обновлен репозиторий: Название: UART_to_Morse
INFO 2023-11-10 23:01:27,255 get_github_data: Подключение к GitHub успешно, кэш создан
INFO 2023-11-10 23:01:27,261 get_github_data: В БД обновлен репозиторий: Название: Calculator
INFO 2023-11-10 23:01:27,263 get_github_data: В БД обновлен репозиторий: Название: CRC8_ASSM_STM32
INFO 2023-11-10 23:01:27,264 get_github_data: В БД обновлен репозиторий: Название: diplom
INFO 2023-11-10 23:01:27,266 get_github_data: В БД обновлен репозиторий: Название: Graph
INFO 2023-11-10 23:01:27,267 get_github_data: В БД обновлен репозиторий: Название: GraphModified
INFO 2023-11-10 23:01:27,268 get_github_data: В БД обновлен репозиторий: Название: Keyboard_STM32
INFO 2023-11-10 23:01:27,269 get_github_data: В БД обновлен репозиторий: Название: Library
INFO 2023-11-10 23:01:27,270 get_github_data: В БД обновлен репозиторий: Название: List
INFO 2023-11-10 23:01:27,271 get_github_data: В БД обновлен репозиторий: Название: parser
INFO 2023-11-10 23:01:27,272 get_github_data: В БД обновлен репозиторий: Название: Portfolio
INFO 2023-11-10 23:01:27,274 get_github_data: В БД обновлен репозиторий: Название: SimpleSite
INFO 2023-11-10 23:01:27,275 get_github_data: В БД обновлен репозиторий: Название: Timer_ASSM_STM32
INFO 2023-11-10 23:01:27,276 get_github_data: В БД обновлен репозиторий: Название: Timer_STM32
INFO 2023-11-10 23:01:27,277 get_github_data: В БД обновлен репозиторий: Название: UART_to_Morse
INFO 2023-11-10 23:01:34,966 get_github_data: Подключение к GitHub успешно, кэш создан
INFO 2023-11-10 23:01:34,970 get_github_data: В БД обновлен репозиторий: Название: Calculator
INFO 2023-11-10 23:01:34,971 get_github_data: В БД обновлен репозиторий: Название: CRC8_ASSM_STM32
INFO 2023-11-10 23:01:34,972 get_github_data: В БД обновлен репозиторий: Название: diplom
INFO 2023-11-10 23:01:34,973 get_github_data: В БД обновлен репозиторий: Название: Graph
INFO 2023-11-10 23:01:34,974 get_github_data: В БД обновлен репозиторий: Название: GraphModified
INFO 2023-11-10 23:01:34,977 get_github_data: В БД обновлен репозиторий: Название: Keyboard_STM32
INFO 2023-11-10 23:01:34,978 get_github_data: В БД обновлен репозиторий: Название: Library
INFO 2023-11-10 23:01:34,979 get_github_data: В БД обновлен репозиторий: Название: List
INFO 2023-11-10 23:01:34,980 get_github_data: В БД обновлен репозиторий: Название: parser
INFO 2023-11-10 23:01:34,981 get_github_data: В БД обновлен репозиторий: Название: Portfolio
INFO 2023-11-10 23:01:34,983 get_github_data: В БД обновлен репозиторий: Название: SimpleSite
INFO 2023-11-10 23:01:34,984 get_github_data: В БД обновлен репозиторий: Название: Timer_ASSM_STM32
INFO 2023-11-10 23:01:34,985 get_github_data: В БД обновлен репозиторий: Название: Timer_STM32
INFO 2023-11-10 23:01:34,986 get_github_data: В БД обновлен репозиторий: Название: UART_to_Morse
INFO 2023-11-10 23:01:55,698 get_github_data: Подключение к GitHub успешно, кэш создан
INFO 2023-11-10 23:01:55,702 get_github_data: В БД обновлен репозиторий: Название: Calculator
INFO 2023-11-10 23:01:55,703 get_github_data: В БД обновлен репозиторий: Название: CRC8_ASSM_STM32
INFO 2023-11-10 23:01:55,704 get_github_data: В БД обновлен репозиторий: Название: diplom
INFO 2023-11-10 23:01:55,706 get_github_data: В БД обновлен репозиторий: Название: Graph
INFO 2023-11-10 23:01:55,707 get_github_data: В БД обновлен репозиторий: Название: GraphModified
INFO 2023-11-10 23:01:55,708 get_github_data: В БД обновлен репозиторий: Название: Keyboard_STM32
INFO 2023-11-10 23:01:55,709 get_github_data: В БД обновлен репозиторий: Название: Library
INFO 2023-11-10 23:01:55,710 get_github_data: В БД обновлен репозиторий: Название: List
INFO 2023-11-10 23:01:55,712 get_github_data: В БД обновлен репозиторий: Название: parser
INFO 2023-11-10 23:01:55,713 get_github_data: В БД обновлен репозиторий: Название: Portfolio
INFO 2023-11-10 23:01:55,714 get_github_data: В БД обновлен репозиторий: Название: SimpleSite
INFO 2023-11-10 23:01:55,715 get_github_data: В БД обновлен репозиторий: Название: Timer_ASSM_STM32
INFO 2023-11-10 23:01:55,717 get_github_data: В БД обновлен репозиторий: Название: Timer_STM32
INFO 2023-11-10 23:01:55,718 get_github_data: В БД обновлен репозиторий: Название: UART_to_Morse
WARNING 2023-11-10 23:01:55,718 views: Введен неверный GET-запрос сортировки
INFO 2023-11-10 23:02:14,689 get_github_data: Подключение к GitHub успешно, кэш создан
INFO 2023-11-10 23:02:14,695 get_github_data: В БД обновлен репозиторий: Название: Calculator
INFO 2023-11-10 23:02:14,696 get_github_data: В БД обновлен репозиторий: Название: CRC8_ASSM_STM32
INFO 2023-11-10 23:02:14,698 get_github_data: В БД обновлен репозиторий: Название: diplom
INFO 2023-11-10 23:02:14,699 get_github_data: В БД обновлен репозиторий: Название: Graph
INFO 2023-11-10 23:02:14,700 get_github_data: В БД обновлен репозиторий: Название: GraphModified
INFO 2023-11-10 23:02:14,702 get_github_data: В БД обновлен репозиторий: Название: Keyboard_STM32
INFO 2023-11-10 23:02:14,703 get_github_data: В БД обновлен репозиторий: Название: Library
INFO 2023-11-10 23:02:14,704 get_github_data: В БД обновлен репозиторий: Название: List
INFO 2023-11-10 23:02:14,705 get_github_data: В БД обновлен репозиторий: Название: parser
INFO 2023-11-10 23:02:14,707 get_github_data: В БД обновлен репозиторий: Название: Portfolio
INFO 2023-11-10 23:02:14,708 get_github_data: В БД обновлен репозиторий: Название: SimpleSite
INFO 2023-11-10 23:02:14,709 get_github_data: В БД обновлен репозиторий: Название: Timer_ASSM_STM32
INFO 2023-11-10 23:02:14,710 get_github_data: В БД обновлен репозиторий: Название: Timer_STM32
INFO 2023-11-10 23:02:14,710 get_github_data: В БД обновлен репозиторий: Название: UART_to_Morse
WARNING 2023-11-10 23:02:14,710 views: Введен неверный GET-запрос сортировки
INFO 2023-11-10 23:06:16,331 get_github_data: Подключение к GitHub успешно, кэш создан
INFO 2023-11-10 23:06:16,337 get_github_data: В БД обновлен репозиторий: Название: Calculator
INFO 2023-11-10 23:06:16,339 get_github_data: В БД обновлен репозиторий: Название: CRC8_ASSM_STM32
INFO 2023-11-10 23:06:16,340 get_github_data: В БД обновлен репозиторий: Название: diplom
INFO 2023-11-10 23:06:16,341 get_github_data: В БД обновлен репозиторий: Название: Graph
INFO 2023-11-10 23:06:16,343 get_github_data: В БД обновлен репозиторий: Название: GraphModified
INFO 2023-11-10 23:06:16,344 get_github_data: В БД обновлен репозиторий: Название: Keyboard_STM32
INFO 2023-11-10 23:06:16,345 get_github_data: В БД обновлен репозиторий: Название: Library
INFO 2023-11-10 23:06:16,346 get_github_data: В БД обновлен репозиторий: Название: List
INFO 2023-11-10 23:06:16,347 get_github_data: В БД обновлен репозиторий: Название: parser
INFO 2023-11-10 23:06:16,349 get_github_data: В БД обновлен репозиторий: Название: Portfolio
INFO 2023-11-10 23:06:16,350 get_github_data: В БД обновлен репозиторий: Название: SimpleSite
INFO 2023-11-10 23:06:16,351 get_github_data: В БД обновлен репозиторий: Название: Timer_ASSM_STM32
INFO 2023-11-10 23:06:16,352 get_github_data: В БД обновлен репозиторий: Название: Timer_STM32
INFO 2023-11-10 23:06:16,353 get_github_data: В БД обновлен репозиторий: Название: UART_to_Morse
INFO 2023-11-10 23:06:27,269 get_github_data: Подключение к GitHub успешно, кэш создан
INFO 2023-11-10 23:06:27,274 get_github_data: В БД обновлен репозиторий: Название: Calculator
INFO 2023-11-10 23:06:27,276 get_github_data: В БД обновлен репозиторий: Название: CRC8_ASSM_STM32
INFO 2023-11-10 23:06:27,277 get_github_data: В БД обновлен репозиторий: Название: diplom
INFO 2023-11-10 23:06:27,279 get_github_data: В БД обновлен репозиторий: Название: Graph
INFO 2023-11-10 23:06:27,280 get_github_data: В БД обновлен репозиторий: Название: GraphModified
INFO 2023-11-10 23:06:27,281 get_github_data: В БД обновлен репозиторий: Название: Keyboard_STM32
INFO 2023-11-10 23:06:27,283 get_github_data: В БД обновлен репозиторий: Название: Library
INFO 2023-11-10 23:06:27,284 get_github_data: В БД обновлен репозиторий: Название: List
INFO 2023-11-10 23:06:27,285 get_github_data: В БД обновлен репозиторий: Название: parser
INFO 2023-11-10 23:06:27,286 get_github_data: В БД обновлен репозиторий: Название: Portfolio
INFO 2023-11-10 23:06:27,288 get_github_data: В БД обновлен репозиторий: Название: SimpleSite
INFO 2023-11-10 23:06:27,289 get_github_data: В БД обновлен репозиторий: Название: Timer_ASSM_STM32
INFO 2023-11-10 23:06:27,290 get_github_data: В БД обновлен репозиторий: Название: Timer_STM32
INFO 2023-11-10 23:06:27,292 get_github_data: В БД обновлен репозиторий: Название: UART_to_Morse
INFO 2023-11-10 23:06:39,064 get_github_data: Подключение к GitHub успешно, кэш создан
INFO 2023-11-10 23:06:39,068 get_github_data: В БД обновлен репозиторий: Название: Calculator
INFO 2023-11-10 23:06:39,070 get_github_data: В БД обновлен репозиторий: Название: CRC8_ASSM_STM32
INFO 2023-11-10 23:06:39,071 get_github_data: В БД обновлен репозиторий: Название: diplom
INFO 2023-11-10 23:06:39,072 get_github_data: В БД обновлен репозиторий: Название: Graph
INFO 2023-11-10 23:06:39,074 get_github_data: В БД обновлен репозиторий: Название: GraphModified
INFO 2023-11-10 23:06:39,076 get_github_data: В БД обновлен репозиторий: Название: Keyboard_STM32
INFO 2023-11-10 23:06:39,077 get_github_data: В БД обновлен репозиторий: Название: Library
INFO 2023-11-10 23:06:39,078 get_github_data: В БД обновлен репозиторий: Название: List
INFO 2023-11-10 23:06:39,079 get_github_data: В БД обновлен репозиторий: Название: parser
INFO 2023-11-10 23:06:39,081 get_github_data: В БД обновлен репозиторий: Название: Portfolio
INFO 2023-11-10 23:06:39,082 get_github_data: В БД обновлен репозиторий: Название: SimpleSite
INFO 2023-11-10 23:06:39,083 get_github_data: В БД обновлен репозиторий: Название: Timer_ASSM_STM32
INFO 2023-11-10 23:06:39,084 get_github_data: В БД обновлен репозиторий: Название: Timer_STM32
INFO 2023-11-10 23:06:39,085 get_github_data: В БД обновлен репозиторий: Название: UART_to_Morse
INFO 2023-11-10 23:08:09,337 get_github_data: Подключение к GitHub успешно, кэш создан
INFO 2023-11-10 23:08:09,343 get_github_data: В БД обновлен репозиторий: Название: Calculator
INFO 2023-11-10 23:08:09,345 get_github_data: В БД обновлен репозиторий: Название: CRC8_ASSM_STM32
INFO 2023-11-10 23:08:09,346 get_github_data: В БД обновлен репозиторий: Название: diplom
INFO 2023-11-10 23:08:09,347 get_github_data: В БД обновлен репозиторий: Название: Graph
INFO 2023-11-10 23:08:09,349 get_github_data: В БД обновлен репозиторий: Название: GraphModified
INFO 2023-11-10 23:08:09,350 get_github_data: В БД обновлен репозиторий: Название: Keyboard_STM32
INFO 2023-11-10 23:08:09,351 get_github_data: В БД обновлен репозиторий: Название: Library
INFO 2023-11-10 23:08:09,352 get_github_data: В БД обновлен репозиторий: Название: List
INFO 2023-11-10 23:08:09,353 get_github_data: В БД обновлен репозиторий: Название: parser
INFO 2023-11-10 23:08:09,354 get_github_data: В БД обновлен репозиторий: Название: Portfolio
INFO 2023-11-10 23:08:09,356 get_github_data: В БД обновлен репозиторий: Название: SimpleSite
INFO 2023-11-10 23:08:09,357 get_github_data: В БД обновлен репозиторий: Название: Timer_ASSM_STM32
INFO 2023-11-10 23:08:09,359 get_github_data: В БД обновлен репозиторий: Название: Timer_STM32
INFO 2023-11-10 23:08:09,360 get_github_data: В БД обновлен репозиторий: Название: UART_to_Morse
INFO 2023-11-10 23:14:43,929 get_github_data: Подключение к GitHub успешно, кэш создан
INFO 2023-11-10 23:14:43,935 get_github_data: В БД обновлен репозиторий: Название: Calculator
INFO 2023-11-10 23:14:43,936 get_github_data: В БД обновлен репозиторий: Название: CRC8_ASSM_STM32
INFO 2023-11-10 23:14:43,937 get_github_data: В БД обновлен репозиторий: Название: diplom
INFO 2023-11-10 23:14:43,939 get_github_data: В БД обновлен репозиторий: Название: Graph
INFO 2023-11-10 23:14:43,940 get_github_data: В БД обновлен репозиторий: Название: GraphModified
INFO 2023-11-10 23:14:43,941 get_github_data: В БД обновлен репозиторий: Название: Keyboard_STM32
INFO 2023-11-10 23:14:43,943 get_github_data: В БД обновлен репозиторий: Название: Library
INFO 2023-11-10 23:14:43,944 get_github_data: В БД обновлен репозиторий: Название: List
INFO 2023-11-10 23:14:43,945 get_github_data: В БД обновлен репозиторий: Название: parser
INFO 2023-11-10 23:14:43,946 get_github_data: В БД обновлен репозиторий: Название: Portfolio
INFO 2023-11-10 23:14:43,947 get_github_data: В БД обновлен репозиторий: Название: SimpleSite
INFO 2023-11-10 23:14:43,949 get_github_data: В БД обновлен репозиторий: Название: Timer_ASSM_STM32
INFO 2023-11-10 23:14:43,950 get_github_data: В БД обновлен репозиторий: Название: Timer_STM32
INFO 2023-11-10 23:14:43,951 get_github_data: В БД обновлен репозиторий: Название: UART_to_Morse
INFO 2023-11-10 23:18:58,768 get_github_data: Подключение к GitHub успешно, кэш создан
INFO 2023-11-10 23:18:58,775 get_github_data: В БД обновлен репозиторий: Название: Calculator
INFO 2023-11-10 23:18:58,777 get_github_data: В БД обновлен репозиторий: Название: CRC8_ASSM_STM32
INFO 2023-11-10 23:18:58,779 get_github_data: В БД обновлен репозиторий: Название: diplom
INFO 2023-11-10 23:18:58,781 get_github_data: В БД обновлен репозиторий: Название: Graph
INFO 2023-11-10 23:18:58,782 get_github_data: В БД обновлен репозиторий: Название: GraphModified
INFO 2023-11-10 23:18:58,783 get_github_data: В БД обновлен репозиторий: Название: Keyboard_STM32
INFO 2023-11-10 23:18:58,784 get_github_data: В БД обновлен репозиторий: Название: Library
INFO 2023-11-10 23:18:58,785 get_github_data: В БД обновлен репозиторий: Название: List
INFO 2023-11-10 23:18:58,786 get_github_data: В БД обновлен репозиторий: Название: parser
INFO 2023-11-10 23:18:58,788 get_github_data: В БД обновлен репозиторий: Название: Portfolio
INFO 2023-11-10 23:18:58,789 get_github_data: В БД обновлен репозиторий: Название: SimpleSite
INFO 2023-11-10 23:18:58,790 get_github_data: В БД обновлен репозиторий: Название: Timer_ASSM_STM32
INFO 2023-11-10 23:18:58,791 get_github_data: В БД обновлен репозиторий: Название: Timer_STM32
INFO 2023-11-10 23:18:58,793 get_github_data: В БД обновлен репозиторий: Название: UART_to_Morse
INFO 2023-11-10 23:19:08,676 get_github_data: Подключение к GitHub успешно, кэш создан
INFO 2023-11-10 23:19:08,680 get_github_data: В БД обновлен репозиторий: Название: Calculator
INFO 2023-11-10 23:19:08,682 get_github_data: В БД обновлен репозиторий: Название: CRC8_ASSM_STM32
INFO 2023-11-10 23:19:08,683 get_github_data: В БД обновлен репозиторий: Название: diplom
INFO 2023-11-10 23:19:08,684 get_github_data: В БД обновлен репозиторий: Название: Graph
INFO 2023-11-10 23:19:08,685 get_github_data: В БД обновлен репозиторий: Название: GraphModified
INFO 2023-11-10 23:19:08,686 get_github_data: В БД обновлен репозиторий: Название: Keyboard_STM32
INFO 2023-11-10 23:19:08,688 get_github_data: В БД обновлен репозиторий: Название: Library
INFO 2023-11-10 23:19:08,689 get_github_data: В БД обновлен репозиторий: Название: List
INFO 2023-11-10 23:19:08,690 get_github_data: В БД обновлен репозиторий: Название: parser
INFO 2023-11-10 23:19:08,692 get_github_data: В БД обновлен репозиторий: Название: Portfolio
INFO 2023-11-10 23:19:08,693 get_github_data: В БД обновлен репозиторий: Название: SimpleSite
INFO 2023-11-10 23:19:08,694 get_github_data: В БД обновлен репозиторий: Название: Timer_ASSM_STM32
INFO 2023-11-10 23:19:08,695 get_github_data: В БД обновлен репозиторий: Название: Timer_STM32
INFO 2023-11-10 23:19:08,696 get_github_data: В БД обновлен репозиторий: Название: UART_to_Morse
